<?xml version="1.0" encoding="UTF-8"?>
<!-- Generated by org.testng.reporters.JUnitReportReporter -->
<testsuite hostname="DESKTOP-7OE0Q5M" failures="0" tests="1" name="eCommerceProject.Amazon" time="25.804" errors="0" timestamp="2023-08-03T09:19:27 IST" skipped="0">
  <testcase classname="eCommerceProject.Amazon" name="amazonTest" time="25.804"/>
  <system-out>
    <![CDATA[opening amazon]]>
  </system-out>
</testsuite> <!-- eCommerceProject.Amazon -->
