<?xml version="1.0" encoding="UTF-8"?>
<!-- Generated by org.testng.reporters.JUnitReportReporter -->
<testsuite hostname="DESKTOP-7OE0Q5M" failures="0" tests="1" name="eCommerceProject.Ajio" time="34.944" errors="0" timestamp="2023-08-03T09:19:27 IST" skipped="0">
  <testcase classname="eCommerceProject.Ajio" name="ajioTest" time="34.944"/>
  <system-out>
    <![CDATA[opening Ajio]]>
  </system-out>
</testsuite> <!-- eCommerceProject.Ajio -->
