<?xml version="1.0" encoding="UTF-8"?>
<!-- Generated by org.testng.reporters.JUnitReportReporter -->
<testsuite hostname="DESKTOP-7OE0Q5M" failures="0" tests="1" name="eCommerceProject.Flipkart" time="17.594" errors="0" timestamp="2023-08-03T09:19:27 IST" skipped="0">
  <testcase classname="eCommerceProject.Flipkart" name="FlipkartTest" time="17.594"/>
  <system-out>
    <![CDATA[opening Flipkart]]>
  </system-out>
</testsuite> <!-- eCommerceProject.Flipkart -->
